<?xml version="1.0" encoding="UTF-8"?>
<!-- Generated by org.testng.reporters.JUnitXMLReporter -->
<testsuite hostname="MacBook-Pro-Bogdan.local" name="Default test" tests="26" failures="0" timestamp="7 Apr 2015 22:07:16 GMT" time="0.081" errors="0">
  <testcase name="test1" time="0.0090" classname="home.pages.FileCreationTests"/>
  <testcase name="test1" time="0.0010" classname="home.pages.FileCreationTests"/>
  <testcase name="test1" time="0.0020" classname="home.pages.FileCreationTests"/>
  <testcase name="test1" time="0.0020" classname="home.pages.FileCreationTests"/>
  <testcase name="test1" time="0.0010" classname="home.pages.FileCreationTests"/>
  <testcase name="test1" time="0.0010" classname="home.pages.FileCreationTests"/>
  <testcase name="test1" time="0.0010" classname="home.pages.FileCreationTests"/>
  <testcase name="test1" time="0.0010" classname="home.pages.FileCreationTests"/>
  <testcase name="test1" time="0.0010" classname="home.pages.FileCreationTests"/>
  <testcase name="test1" time="0.0010" classname="home.pages.FileCreationTests"/>
  <testcase name="test1" time="0.0020" classname="home.pages.FileCreationTests"/>
  <testcase name="test1" time="0.0010" classname="home.pages.FileCreationTests"/>
  <testcase name="test1" time="0.0010" classname="home.pages.FileCreationTests"/>
  <testcase name="test1" time="0.0010" classname="home.pages.FileCreationTests"/>
  <testcase name="test1" time="0.0010" classname="home.pages.FileCreationTests"/>
  <testcase name="test1" time="0.0020" classname="home.pages.FileCreationTests"/>
  <testcase name="test1" time="0.0010" classname="home.pages.FileCreationTests"/>
  <testcase name="test1" time="0.0" classname="home.pages.FileCreationTests"/>
  <testcase name="test1" time="0.0" classname="home.pages.FileCreationTests"/>
  <testcase name="test1" time="0.0" classname="home.pages.FileCreationTests"/>
  <testcase name="test1" time="0.0020" classname="home.pages.FileCreationTests"/>
  <testcase name="test1" time="0.0010" classname="home.pages.FileCreationTests"/>
  <testcase name="test1" time="0.0010" classname="home.pages.FileCreationTests"/>
  <testcase name="test1" time="0.0010" classname="home.pages.FileCreationTests"/>
  <testcase name="test2" time="0.0020" classname="home.pages.FileCreationTests"/>
  <testcase name="test2" time="0.0010" classname="home.pages.FileCreationTests"/>
</testsuite> <!-- Default test -->
