<?xml version="1.0" encoding="UTF-8"?>
<!-- Generated by org.testng.reporters.JUnitXMLReporter -->
<testsuite hostname="MacBook-Pro-Bogdan.local" name="Default test" tests="3" failures="0" timestamp="6 Apr 2015 20:29:00 GMT" time="0.027" errors="0">
  <testcase name="test1" time="0.0050" classname="home.pages.CreateFilesTests1"/>
  <testcase name="test2" time="0.0" classname="home.pages.CreateFilesTests1"/>
  <testcase name="test3" time="0.0010" classname="home.pages.CreateFilesTests1"/>
</testsuite> <!-- Default test -->
