<?xml version="1.0" encoding="UTF-8"?>
<testng-results skipped="0" failed="0" total="3" passed="3">
  <reporter-output>
  </reporter-output>
  <suite name="Default suite" duration-ms="33" started-at="2015-04-05T21:47:05Z" finished-at="2015-04-05T21:47:05Z">
    <groups>
    </groups>
    <test name="Default test" duration-ms="33" started-at="2015-04-05T21:47:05Z" finished-at="2015-04-05T21:47:05Z">
      <class name="home.pages.CreateFilesTests">
        <test-method status="PASS" signature="setUp()[pri:0, instance:home.pages.CreateFilesTests@97494c8]" name="setUp" is-config="true" duration-ms="7" started-at="2015-04-06T00:47:05Z" finished-at="2015-04-06T00:47:05Z">
          <reporter-output>
          </reporter-output>
        </test-method> <!-- setUp -->
        <test-method status="PASS" signature="test1()[pri:0, instance:home.pages.CreateFilesTests@97494c8]" name="test1" duration-ms="6" started-at="2015-04-06T00:47:05Z" finished-at="2015-04-06T00:47:05Z">
          <reporter-output>
          </reporter-output>
        </test-method> <!-- test1 -->
        <test-method status="PASS" signature="test2()[pri:0, instance:home.pages.CreateFilesTests@97494c8]" name="test2" duration-ms="1" started-at="2015-04-06T00:47:05Z" finished-at="2015-04-06T00:47:05Z">
          <reporter-output>
          </reporter-output>
        </test-method> <!-- test2 -->
        <test-method status="PASS" signature="test3()[pri:0, instance:home.pages.CreateFilesTests@97494c8]" name="test3" duration-ms="1" started-at="2015-04-06T00:47:05Z" finished-at="2015-04-06T00:47:05Z">
          <reporter-output>
          </reporter-output>
        </test-method> <!-- test3 -->
        <test-method status="PASS" signature="tearDown()[pri:0, instance:home.pages.CreateFilesTests@97494c8]" name="tearDown" is-config="true" duration-ms="7" started-at="2015-04-06T00:47:05Z" finished-at="2015-04-06T00:47:05Z">
          <reporter-output>
          </reporter-output>
        </test-method> <!-- tearDown -->
      </class> <!-- home.pages.CreateFilesTests -->
    </test> <!-- Default test -->
  </suite> <!-- Default suite -->
</testng-results>
