<?xml version="1.0" encoding="UTF-8"?>
<testng-results skipped="0" failed="0" total="3" passed="3">
  <reporter-output>
  </reporter-output>
  <suite name="Default suite" duration-ms="27" started-at="2015-04-06T20:29:00Z" finished-at="2015-04-06T20:29:00Z">
    <groups>
      <group name="positive1">
        <method signature="CreateFilesTests1.test1()[pri:0, instance:home.pages.CreateFilesTests1@704f459c]" name="test1" class="home.pages.CreateFilesTests1"/>
        <method signature="CreateFilesTests1.test2()[pri:0, instance:home.pages.CreateFilesTests1@704f459c]" name="test2" class="home.pages.CreateFilesTests1"/>
      </group> <!-- positive1 -->
      <group name="negative1">
        <method signature="CreateFilesTests1.test3()[pri:0, instance:home.pages.CreateFilesTests1@704f459c]" name="test3" class="home.pages.CreateFilesTests1"/>
      </group> <!-- negative1 -->
    </groups>
    <test name="Default test" duration-ms="27" started-at="2015-04-06T20:29:00Z" finished-at="2015-04-06T20:29:00Z">
      <class name="home.pages.CreateFilesTests1">
        <test-method status="PASS" signature="setUp()[pri:0, instance:home.pages.CreateFilesTests1@704f459c]" name="setUp" is-config="true" duration-ms="5" started-at="2015-04-06T23:29:00Z" finished-at="2015-04-06T23:29:00Z">
          <reporter-output>
          </reporter-output>
        </test-method> <!-- setUp -->
        <test-method status="PASS" signature="test1()[pri:0, instance:home.pages.CreateFilesTests1@704f459c]" name="test1" duration-ms="5" started-at="2015-04-06T23:29:00Z" finished-at="2015-04-06T23:29:00Z">
          <reporter-output>
          </reporter-output>
        </test-method> <!-- test1 -->
        <test-method status="PASS" signature="test2()[pri:0, instance:home.pages.CreateFilesTests1@704f459c]" name="test2" duration-ms="0" started-at="2015-04-06T23:29:00Z" finished-at="2015-04-06T23:29:00Z">
          <reporter-output>
          </reporter-output>
        </test-method> <!-- test2 -->
        <test-method status="PASS" signature="test3()[pri:0, instance:home.pages.CreateFilesTests1@704f459c]" name="test3" duration-ms="1" started-at="2015-04-06T23:29:00Z" finished-at="2015-04-06T23:29:00Z">
          <reporter-output>
          </reporter-output>
        </test-method> <!-- test3 -->
      </class> <!-- home.pages.CreateFilesTests1 -->
    </test> <!-- Default test -->
  </suite> <!-- Default suite -->
</testng-results>
